<?xml version="1.0" encoding="UTF-8"?>
<testsuite name="com.bramble.novel.service.AuthServiceTest" tests="4" skipped="0" failures="0" errors="0" timestamp="2026-09-08T09:17:10" hostname="WELLCOME" time="1.004">
  <properties/>
  <testcase name="register_DuplicateEmail_ThrowsConflict()" classname="com.bramble.novel.service.AuthServiceTest" time="0.918"/>
  <testcase name="login_Success()" classname="com.bramble.novel.service.AuthServiceTest" time="0.028"/>
  <testcase name="register_Success()" classname="com.bramble.novel.service.AuthServiceTest" time="0.037"/>
  <testcase name="login_WrongPassword_ThrowsUnauthorized()" classname="com.bramble.novel.service.AuthServiceTest" time="0.007"/>
  <system-out><![CDATA[]]></system-out>
  <system-err><![CDATA[]]></system-err>
</testsuite>
