<?xml version="1.0" encoding="UTF-8"?>
<testsuite name="com.bramble.novel.BrambleApplicationTests" tests="1" skipped="0" failures="0" errors="0" timestamp="2026-09-08T09:17:09" hostname="WELLCOME" time="0.592">
  <properties/>
  <testcase name="contextLoads()" classname="com.bramble.novel.BrambleApplicationTests" time="0.592"/>
  <system-out><![CDATA[16:17:00.617 [Test worker] INFO org.springframework.test.context.support.AnnotationConfigContextLoaderUtils -- Could not detect default configuration classes for test class [com.bramble.novel.BrambleApplicationTests]: BrambleApplicationTests does not declare any static, non-private, non-final, nested classes annotated with @Configuration.
16:17:00.768 [Test worker] INFO org.springframework.boot.test.context.SpringBootTestContextBootstrapper -- Found @SpringBootConfiguration com.bramble.novel.BrambleApplication for test class com.bramble.novel.BrambleApplicationTests

  .   ____          _            __ _ _
 /\\ / ___'_ __ _ _(_)_ __  __ _ \ \ \ \
( ( )\___ | '_ | '_| | '_ \/ _` | \ \ \ \
 \\/  ___)| |_)| | | | | || (_| |  ) ) ) )
  '  |____| .__|_| |_|_| |_\__, | / / / /
 =========|_|==============|___/=/_/_/_/

 :: Spring Boot ::                (v3.3.3)

2026-09-08T16:17:01.346+07:00  INFO 5572 --- [bramble-backend] [    Test worker] c.bramble.novel.BrambleApplicationTests  : Starting BrambleApplicationTests using Java 17.0.12 with PID 5572 (started by admin in C:\Users\datda\Documents\truyenchuBramble\backend)
2026-09-08T16:17:01.347+07:00  INFO 5572 --- [bramble-backend] [    Test worker] c.bramble.novel.BrambleApplicationTests  : The following 1 profile is active: "test"
2026-09-08T16:17:02.523+07:00  INFO 5572 --- [bramble-backend] [    Test worker] .s.d.r.c.RepositoryConfigurationDelegate : Bootstrapping Spring Data JPA repositories in DEFAULT mode.
2026-09-08T16:17:02.633+07:00  INFO 5572 --- [bramble-backend] [    Test worker] .s.d.r.c.RepositoryConfigurationDelegate : Finished Spring Data repository scanning in 99 ms. Found 12 JPA repository interfaces.
2026-09-08T16:17:03.370+07:00  INFO 5572 --- [bramble-backend] [    Test worker] o.hibernate.jpa.internal.util.LogHelper  : HHH000204: Processing PersistenceUnitInfo [name: default]
2026-09-08T16:17:03.468+07:00  INFO 5572 --- [bramble-backend] [    Test worker] org.hibernate.Version                    : HHH000412: Hibernate ORM core version 6.5.2.Final
2026-09-08T16:17:03.516+07:00  INFO 5572 --- [bramble-backend] [    Test worker] o.h.c.internal.RegionFactoryInitiator    : HHH000026: Second-level cache disabled
2026-09-08T16:17:04.016+07:00  INFO 5572 --- [bramble-backend] [    Test worker] o.s.o.j.p.SpringPersistenceUnitInfo      : No LoadTimeWeaver setup: ignoring JPA class transformer
2026-09-08T16:17:04.056+07:00  INFO 5572 --- [bramble-backend] [    Test worker] com.zaxxer.hikari.HikariDataSource       : HikariPool-1 - Starting...
2026-09-08T16:17:04.275+07:00  INFO 5572 --- [bramble-backend] [    Test worker] com.zaxxer.hikari.pool.HikariPool        : HikariPool-1 - Added connection conn0: url=jdbc:h2:mem:testdb user=SA
2026-09-08T16:17:04.276+07:00  INFO 5572 --- [bramble-backend] [    Test worker] com.zaxxer.hikari.HikariDataSource       : HikariPool-1 - Start completed.
2026-09-08T16:17:04.315+07:00  WARN 5572 --- [bramble-backend] [    Test worker] org.hibernate.orm.deprecation            : HHH90000025: H2Dialect does not need to be specified explicitly using 'hibernate.dialect' (remove the property setting and it will be selected by default)
2026-09-08T16:17:05.766+07:00  INFO 5572 --- [bramble-backend] [    Test worker] o.h.e.t.j.p.i.JtaPlatformInitiator       : HHH000489: No JTA platform available (set 'hibernate.transaction.jta.platform' to enable JTA platform integration)
2026-09-08T16:17:05.867+07:00  INFO 5572 --- [bramble-backend] [    Test worker] j.LocalContainerEntityManagerFactoryBean : Initialized JPA EntityManagerFactory for persistence unit 'default'
2026-09-08T16:17:06.422+07:00  INFO 5572 --- [bramble-backend] [    Test worker] o.s.d.j.r.query.QueryEnhancerFactory     : Hibernate is in classpath; If applicable, HQL parser will be used.
2026-09-08T16:17:07.789+07:00  INFO 5572 --- [bramble-backend] [    Test worker] eAuthenticationProviderManagerConfigurer : Global AuthenticationManager configured with AuthenticationProvider bean with name authenticationProvider
2026-09-08T16:17:07.791+07:00  WARN 5572 --- [bramble-backend] [    Test worker] r$InitializeUserDetailsManagerConfigurer : Global AuthenticationManager configured with an AuthenticationProvider bean. UserDetailsService beans will not be used for username/password login. Consider removing the AuthenticationProvider bean. Alternatively, consider using the UserDetailsService in a manually instantiated DaoAuthenticationProvider.
2026-09-08T16:17:09.055+07:00  INFO 5572 --- [bramble-backend] [    Test worker] c.bramble.novel.BrambleApplicationTests  : Started BrambleApplicationTests in 8.049 seconds (process running for 9.465)
2026-09-08T16:17:09.193+07:00  INFO 5572 --- [bramble-backend] [    Test worker] com.bramble.novel.config.DataSeeder      : Seeding initial Bramble platform data...
2026-09-08T16:17:09.467+07:00  INFO 5572 --- [bramble-backend] [    Test worker] com.bramble.novel.config.DataSeeder      : Data seeding completed successfully! Seeded books, chapters, users, authors, genres, and comments.
]]></system-out>
  <system-err><![CDATA[]]></system-err>
</testsuite>
